0 info it worked if it ends with ok
1 verbose cli [ 'node', '/usr/local/bin/npm', 'install', '-g', 'http' ]
2 info using npm@1.4.28
3 info using node@v0.10.34
4 verbose cache add [ 'http', null ]
5 verbose cache add name=undefined spec="http" args=["http",null]
6 verbose parsed url { protocol: null,
6 verbose parsed url   slashes: null,
6 verbose parsed url   auth: null,
6 verbose parsed url   host: null,
6 verbose parsed url   port: null,
6 verbose parsed url   hostname: null,
6 verbose parsed url   hash: null,
6 verbose parsed url   search: null,
6 verbose parsed url   query: null,
6 verbose parsed url   pathname: 'http',
6 verbose parsed url   path: 'http',
6 verbose parsed url   href: 'http' }
7 silly lockFile 77b5f8e3-http http
8 verbose lock http /Users/hiteshmac/.npm/77b5f8e3-http.lock
9 silly lockFile 77b5f8e3-http http
10 silly lockFile 77b5f8e3-http http
11 verbose addNamed [ 'http', '' ]
12 verbose addNamed [ null, '*' ]
13 silly lockFile c1086ff9-http http@
14 verbose lock http@ /Users/hiteshmac/.npm/c1086ff9-http.lock
15 silly addNameRange { name: 'http', range: '*', hasData: false }
16 verbose request where is /http
17 verbose request registry https://registry.npmjs.org/
18 verbose request id c558129768703b2b
19 verbose url raw /http
20 verbose url resolving [ 'https://registry.npmjs.org/', './http' ]
21 verbose url resolved https://registry.npmjs.org/http
22 verbose request where is https://registry.npmjs.org/http
23 info trying registry request attempt 1 at 21:37:48
24 verbose etag "1J3DGUCT8ITN98XOCNO1QP3AZ"
25 http GET https://registry.npmjs.org/http
26 http 304 https://registry.npmjs.org/http
27 silly registry.get cb [ 304,
27 silly registry.get   { date: 'Wed, 28 Jan 2015 02:37:50 GMT',
27 silly registry.get     server: 'Apache',
27 silly registry.get     via: '1.1 varnish',
27 silly registry.get     'last-modified': 'Wed, 28 Jan 2015 02:37:50 GMT',
27 silly registry.get     'cache-control': 'max-age=60',
27 silly registry.get     etag: '"1J3DGUCT8ITN98XOCNO1QP3AZ"',
27 silly registry.get     age: '56',
27 silly registry.get     'x-served-by': 'cache-atl6233-ATL',
27 silly registry.get     'x-cache': 'HIT',
27 silly registry.get     'x-cache-hits': '1',
27 silly registry.get     'x-timer': 'S1422412670.272327,VS0,VE0',
27 silly registry.get     vary: 'Accept',
27 silly registry.get     'content-length': '0',
27 silly registry.get     'keep-alive': 'timeout=10, max=50',
27 silly registry.get     connection: 'Keep-Alive' } ]
28 verbose etag https://registry.npmjs.org/http from cache
29 silly addNameRange number 2 { name: 'http', range: '*', hasData: true }
30 silly addNameRange versions [ 'http', [ '0.0.0' ] ]
31 verbose addNamed [ 'http', '0.0.0' ]
32 verbose addNamed [ '0.0.0', '0.0.0' ]
33 silly lockFile 5c64bf45-http-0-0-0 http@0.0.0
34 verbose lock http@0.0.0 /Users/hiteshmac/.npm/5c64bf45-http-0-0-0.lock
35 silly lockFile 5c64bf45-http-0-0-0 http@0.0.0
36 silly lockFile 5c64bf45-http-0-0-0 http@0.0.0
37 silly lockFile c1086ff9-http http@
38 silly lockFile c1086ff9-http http@
39 silly resolved [ { name: 'http',
39 silly resolved     version: '0.0.0',
39 silly resolved     description: '',
39 silly resolved     main: 'index.js',
39 silly resolved     scripts: { test: 'echo "Error: no test specified" && exit 1' },
39 silly resolved     author: '',
39 silly resolved     license: 'BSD-2-Clause',
39 silly resolved     _id: 'http@0.0.0',
39 silly resolved     dist:
39 silly resolved      { shasum: '86e6326d29c5d039de9fac584a45689f929f4f72',
39 silly resolved        tarball: 'http://registry.npmjs.org/http/-/http-0.0.0.tgz' },
39 silly resolved     _from: 'http@',
39 silly resolved     _npmVersion: '1.3.15',
39 silly resolved     _npmUser: { name: 'yuanyan', email: 'yuanyan.cao@gmail.com' },
39 silly resolved     maintainers: [ [Object] ],
39 silly resolved     directories: {},
39 silly resolved     _shasum: '86e6326d29c5d039de9fac584a45689f929f4f72',
39 silly resolved     _resolved: 'https://registry.npmjs.org/http/-/http-0.0.0.tgz',
39 silly resolved     readme: 'ERROR: No README data found!' } ]
40 info install http@0.0.0 into /usr/local/lib
41 info installOne http@0.0.0
42 verbose lib/node_modules/http unbuild
43 verbose tar unpack /Users/hiteshmac/.npm/http/0.0.0/package.tgz
44 silly lockFile 3ec5029b--usr-local-lib-node-modules-http tar:///usr/local/lib/node_modules/http
45 verbose lock tar:///usr/local/lib/node_modules/http /Users/hiteshmac/.npm/3ec5029b--usr-local-lib-node-modules-http.lock
46 silly lockFile d1d2ad20-shmac-npm-http-0-0-0-package-tgz tar:///Users/hiteshmac/.npm/http/0.0.0/package.tgz
47 verbose lock tar:///Users/hiteshmac/.npm/http/0.0.0/package.tgz /Users/hiteshmac/.npm/d1d2ad20-shmac-npm-http-0-0-0-package-tgz.lock
48 silly gunzTarPerm modes [ '755', '644' ]
49 error Error: EACCES, mkdir '/usr/local/lib/node_modules/http'
49 error  { [Error: EACCES, mkdir '/usr/local/lib/node_modules/http']
49 error   errno: 3,
49 error   code: 'EACCES',
49 error   path: '/usr/local/lib/node_modules/http',
49 error   fstream_type: 'Directory',
49 error   fstream_path: '/usr/local/lib/node_modules/http',
49 error   fstream_class: 'DirWriter',
49 error   fstream_stack:
49 error    [ '/usr/local/lib/node_modules/npm/node_modules/fstream/lib/dir-writer.js:36:23',
49 error      '/usr/local/lib/node_modules/npm/node_modules/mkdirp/index.js:46:53',
49 error      'Object.oncomplete (fs.js:108:15)' ] }
50 error Please try running this command again as root/Administrator.
51 error System Darwin 14.0.0
52 error command "node" "/usr/local/bin/npm" "install" "-g" "http"
53 error cwd /Users/hiteshmac/project/helloWorldNode
54 error node -v v0.10.34
55 error npm -v 1.4.28
56 error path /usr/local/lib/node_modules/http
57 error fstream_path /usr/local/lib/node_modules/http
58 error fstream_type Directory
59 error fstream_class DirWriter
60 error code EACCES
61 error errno 3
62 error stack Error: EACCES, mkdir '/usr/local/lib/node_modules/http'
63 error fstream_stack /usr/local/lib/node_modules/npm/node_modules/fstream/lib/dir-writer.js:36:23
63 error fstream_stack /usr/local/lib/node_modules/npm/node_modules/mkdirp/index.js:46:53
63 error fstream_stack Object.oncomplete (fs.js:108:15)
64 verbose exit [ 3, true ]
